<?xml version="1.0" encoding="UTF-8"?>
<testng-results skipped="0" failed="1" ignored="0" total="1" passed="0">
  <reporter-output>
  </reporter-output>
  <suite name="Default suite" duration-ms="20794" started-at="2022-07-16T19:11:30 IST" finished-at="2022-07-16T19:11:51 IST">
    <groups>
    </groups>
    <test name="Default test" duration-ms="20794" started-at="2022-07-16T19:11:30 IST" finished-at="2022-07-16T19:11:51 IST">
      <class name="test.VerifyProfileName12">
        <test-method status="PASS" signature="openbrowser()[pri:0, instance:test.VerifyProfileName12@2d8f65a4]" name="openbrowser" is-config="true" duration-ms="8393" started-at="2022-07-16T19:11:30 IST" finished-at="2022-07-16T19:11:39 IST">
          <reporter-output>
          </reporter-output>
        </test-method> <!-- openbrowser -->
        <test-method status="PASS" signature="LogintoKite()[pri:0, instance:test.VerifyProfileName12@2d8f65a4]" name="LogintoKite" is-config="true" duration-ms="4685" started-at="2022-07-16T19:11:39 IST" finished-at="2022-07-16T19:11:43 IST">
          <reporter-output>
          </reporter-output>
        </test-method> <!-- LogintoKite -->
        <test-method status="FAIL" signature="Test()[pri:0, instance:test.VerifyProfileName12@2d8f65a4]" name="Test" duration-ms="2735" started-at="2022-07-16T19:11:43 IST" finished-at="2022-07-16T19:11:46 IST">
          <exception class="java.lang.AssertionError">
            <message>
              <![CDATA[The following asserts failed:
expected [false] but found [true]]]>
            </message>
            <full-stacktrace>
              <![CDATA[java.lang.AssertionError: The following asserts failed:
expected [false] but found [true]
at org.testng.asserts.SoftAssert.assertAll(SoftAssert.java:47)
at org.testng.asserts.SoftAssert.assertAll(SoftAssert.java:31)
at test.VerifyProfileName12.Test(VerifyProfileName12.java:116)
at sun.reflect.NativeMethodAccessorImpl.invoke0(Native Method)
at sun.reflect.NativeMethodAccessorImpl.invoke(Unknown Source)
at sun.reflect.DelegatingMethodAccessorImpl.invoke(Unknown Source)
at java.lang.reflect.Method.invoke(Unknown Source)
at org.testng.internal.MethodInvocationHelper.invokeMethod(MethodInvocationHelper.java:132)
at org.testng.internal.TestInvoker.invokeMethod(TestInvoker.java:599)
at org.testng.internal.TestInvoker.invokeTestMethod(TestInvoker.java:174)
at org.testng.internal.MethodRunner.runInSequence(MethodRunner.java:46)
at org.testng.internal.TestInvoker$MethodInvocationAgent.invoke(TestInvoker.java:822)
at org.testng.internal.TestInvoker.invokeTestMethods(TestInvoker.java:147)
at org.testng.internal.TestMethodWorker.invokeTestMethods(TestMethodWorker.java:146)
at org.testng.internal.TestMethodWorker.run(TestMethodWorker.java:128)
at java.util.ArrayList.forEach(Unknown Source)
at org.testng.TestRunner.privateRun(TestRunner.java:764)
at org.testng.TestRunner.run(TestRunner.java:585)
at org.testng.SuiteRunner.runTest(SuiteRunner.java:384)
at org.testng.SuiteRunner.runSequentially(SuiteRunner.java:378)
at org.testng.SuiteRunner.privateRun(SuiteRunner.java:337)
at org.testng.SuiteRunner.run(SuiteRunner.java:286)
at org.testng.SuiteRunnerWorker.runSuite(SuiteRunnerWorker.java:53)
at org.testng.SuiteRunnerWorker.run(SuiteRunnerWorker.java:96)
at org.testng.TestNG.runSuitesSequentially(TestNG.java:1218)
at org.testng.TestNG.runSuitesLocally(TestNG.java:1140)
at org.testng.TestNG.runSuites(TestNG.java:1069)
at org.testng.TestNG.run(TestNG.java:1037)
at org.testng.remote.AbstractRemoteTestNG.run(AbstractRemoteTestNG.java:115)
at org.testng.remote.RemoteTestNG.initAndRun(RemoteTestNG.java:251)
at org.testng.remote.RemoteTestNG.main(RemoteTestNG.java:77)
]]>
            </full-stacktrace>
          </exception> <!-- java.lang.AssertionError -->
          <reporter-output>
          </reporter-output>
        </test-method> <!-- Test -->
        <test-method status="PASS" signature="Logout(org.testng.ITestResult)[pri:0, instance:test.VerifyProfileName12@2d8f65a4]" name="Logout" is-config="true" duration-ms="1017" started-at="2022-07-16T19:11:46 IST" finished-at="2022-07-16T19:11:47 IST">
          <params>
            <param index="0">
              <value>
                <![CDATA[[TestResult name=Test status=FAILURE method=VerifyProfileName12.Test()[pri:0, instance:test.VerifyProfileName12@2d8f65a4] output={null}]]]>
              </value>
            </param>
          </params>
          <reporter-output>
          </reporter-output>
        </test-method> <!-- Logout -->
        <test-method status="PASS" signature="closebrowser()[pri:0, instance:test.VerifyProfileName12@2d8f65a4]" name="closebrowser" is-config="true" duration-ms="3827" started-at="2022-07-16T19:11:47 IST" finished-at="2022-07-16T19:11:51 IST">
          <reporter-output>
          </reporter-output>
        </test-method> <!-- closebrowser -->
      </class> <!-- test.VerifyProfileName12 -->
    </test> <!-- Default test -->
  </suite> <!-- Default suite -->
</testng-results>
